<?xml version="1.0" encoding="UTF-8"?>
<testng-results skipped="0" failed="1" total="1" passed="0">
  <reporter-output>
  </reporter-output>
  <suite name="Suite" duration-ms="30255" started-at="2017-07-25T04:38:36Z" finished-at="2017-07-25T04:39:06Z">
    <groups>
    </groups>
    <test name="Test" duration-ms="30255" started-at="2017-07-25T04:38:36Z" finished-at="2017-07-25T04:39:06Z">
      <class name="com.selenium.tests.OrderPageTest">
        <test-method status="PASS" signature="baseSetUp(java.lang.String, java.lang.String)[pri:0, instance:com.selenium.tests.OrderPageTest@4667ae56]" name="baseSetUp" is-config="true" duration-ms="24242" started-at="2017-07-25T10:08:36Z" finished-at="2017-07-25T10:09:00Z">
          <params>
            <param index="0">
              <value>
                <![CDATA[chrome]]>
              </value>
            </param>
            <param index="1">
              <value>
                <![CDATA[http://automationpractice.com/index.php]]>
              </value>
            </param>
          </params>
          <reporter-output>
          </reporter-output>
        </test-method> <!-- baseSetUp -->
        <test-method status="PASS" signature="setUp()[pri:0, instance:com.selenium.tests.OrderPageTest@4667ae56]" name="setUp" is-config="true" duration-ms="4371" started-at="2017-07-25T10:09:00Z" finished-at="2017-07-25T10:09:04Z">
          <reporter-output>
          </reporter-output>
        </test-method> <!-- setUp -->
        <test-method status="FAIL" signature="testCartIsEmpty()[pri:0, instance:com.selenium.tests.OrderPageTest@4667ae56]" name="testCartIsEmpty" duration-ms="172" started-at="2017-07-25T10:09:04Z" finished-at="2017-07-25T10:09:05Z">
          <exception class="java.lang.AssertionError">
            <message>
              <![CDATA[Cart is not showing empty expected [true] but found [false]]]>
            </message>
            <full-stacktrace>
              <![CDATA[java.lang.AssertionError: Cart is not showing empty expected [true] but found [false]
	at org.testng.Assert.fail(Assert.java:94)
	at org.testng.Assert.failNotEquals(Assert.java:494)
	at org.testng.Assert.assertTrue(Assert.java:42)
	at com.selenium.tests.OrderPageTest.testCartIsEmpty(OrderPageTest.java:30)
	at sun.reflect.NativeMethodAccessorImpl.invoke0(Native Method)
	at sun.reflect.NativeMethodAccessorImpl.invoke(NativeMethodAccessorImpl.java:62)
	at sun.reflect.DelegatingMethodAccessorImpl.invoke(DelegatingMethodAccessorImpl.java:43)
	at java.lang.reflect.Method.invoke(Method.java:498)
	at org.testng.internal.MethodInvocationHelper.invokeMethod(MethodInvocationHelper.java:80)
	at org.testng.internal.Invoker.invokeMethod(Invoker.java:714)
	at org.testng.internal.Invoker.invokeTestMethod(Invoker.java:901)
	at org.testng.internal.Invoker.invokeTestMethods(Invoker.java:1231)
	at org.testng.internal.TestMethodWorker.invokeTestMethods(TestMethodWorker.java:127)
	at org.testng.internal.TestMethodWorker.run(TestMethodWorker.java:111)
	at org.testng.TestRunner.privateRun(TestRunner.java:767)
	at org.testng.TestRunner.run(TestRunner.java:617)
	at org.testng.SuiteRunner.runTest(SuiteRunner.java:334)
	at org.testng.SuiteRunner.runSequentially(SuiteRunner.java:329)
	at org.testng.SuiteRunner.privateRun(SuiteRunner.java:291)
	at org.testng.SuiteRunner.run(SuiteRunner.java:240)
	at org.testng.SuiteRunnerWorker.runSuite(SuiteRunnerWorker.java:52)
	at org.testng.SuiteRunnerWorker.run(SuiteRunnerWorker.java:86)
	at org.testng.TestNG.runSuitesSequentially(TestNG.java:1198)
	at org.testng.TestNG.runSuitesLocally(TestNG.java:1123)
	at org.testng.TestNG.run(TestNG.java:1031)
	at org.testng.remote.AbstractRemoteTestNG.run(AbstractRemoteTestNG.java:132)
	at org.testng.remote.RemoteTestNG.initAndRun(RemoteTestNG.java:230)
	at org.testng.remote.RemoteTestNG.main(RemoteTestNG.java:76)
]]>
            </full-stacktrace>
          </exception> <!-- java.lang.AssertionError -->
          <reporter-output>
          </reporter-output>
        </test-method> <!-- testCartIsEmpty -->
      </class> <!-- com.selenium.tests.OrderPageTest -->
    </test> <!-- Test -->
  </suite> <!-- Suite -->
</testng-results>
