<?xml version="1.0" encoding="UTF-8"?>
<testng-results skipped="0" failed="0" total="1" passed="1">
  <reporter-output>
  </reporter-output>
  <suite name="Default suite" duration-ms="24345" started-at="2017-08-13T19:06:45Z" finished-at="2017-08-13T19:07:09Z">
    <groups>
    </groups>
    <test name="Default test" duration-ms="24345" started-at="2017-08-13T19:06:45Z" finished-at="2017-08-13T19:07:09Z">
      <class name="com.selenium.tests.MyAccountPageTest">
        <test-method status="PASS" signature="setUp()[pri:0, instance:com.selenium.tests.MyAccountPageTest@27efef64]" name="setUp" is-config="true" duration-ms="9955" started-at="2017-08-14T00:36:45Z" finished-at="2017-08-14T00:36:54Z">
          <reporter-output>
          </reporter-output>
        </test-method> <!-- setUp -->
        <test-method status="PASS" signature="testChangePwd()[pri:0, instance:com.selenium.tests.MyAccountPageTest@27efef64]" name="testChangePwd" duration-ms="11761" started-at="2017-08-14T00:36:54Z" finished-at="2017-08-14T00:37:06Z">
          <reporter-output>
          </reporter-output>
        </test-method> <!-- testChangePwd -->
        <test-method status="PASS" signature="closeBrowser()[pri:0, instance:com.selenium.tests.MyAccountPageTest@27efef64]" name="closeBrowser" is-config="true" duration-ms="2603" started-at="2017-08-14T00:37:06Z" finished-at="2017-08-14T00:37:09Z">
          <reporter-output>
          </reporter-output>
        </test-method> <!-- closeBrowser -->
      </class> <!-- com.selenium.tests.MyAccountPageTest -->
    </test> <!-- Default test -->
  </suite> <!-- Default suite -->
</testng-results>
