<?xml version="1.0" encoding="UTF-8"?>
<!-- Generated by org.testng.reporters.JUnitXMLReporter -->
<testsuite hostname="JYOTIRMOY" name="chromeTest" tests="3" failures="0" timestamp="29 Jul 2017 19:39:53 GMT" time="54.393" errors="0">
  <testcase name="testContactPageHeaderText" time="0.338" classname="com.selenium.tests.ContactPageTest"/>
  <testcase name="testsubjectDownList" time="0.004" classname="com.selenium.tests.ContactPageTest"/>
  <testcase name="testFileUpload" time="3.538" classname="com.selenium.tests.ContactPageTest"/>
</testsuite> <!-- chromeTest -->
