<?xml version="1.0" encoding="UTF-8"?>
<!-- Generated by org.testng.reporters.JUnitXMLReporter -->
<testsuite hostname="JYOTIRMOY" name="ieTest" tests="1" failures="0" timestamp="27 Jul 2017 04:14:01 GMT" time="3.573" errors="0">
  <testcase name="@BeforeClass baseSetUp" time="0.0" classname="com.selenium.tests.OrderPageTest">
    <failure type="java.lang.NoClassDefFoundError" message="org/w3c/dom/ElementTraversal">
      <![CDATA[java.lang.NoClassDefFoundError: org/w3c/dom/ElementTraversal
	at java.lang.ClassLoader.defineClass1(Native Method)
	at java.lang.ClassLoader.defineClass(ClassLoader.java:763)
	at java.security.SecureClassLoader.defineClass(SecureClassLoader.java:142)
	at java.net.URLClassLoader.defineClass(URLClassLoader.java:467)
	at java.net.URLClassLoader.access$100(URLClassLoader.java:73)
	at java.net.URLClassLoader$1.run(URLClassLoader.java:368)
	at java.net.URLClassLoader$1.run(URLClassLoader.java:362)
	at java.security.AccessController.doPrivileged(Native Method)
	at java.net.URLClassLoader.findClass(URLClassLoader.java:361)
	at java.lang.ClassLoader.loadClass(ClassLoader.java:424)
	at sun.misc.Launcher$AppClassLoader.loadClass(Launcher.java:331)
	at java.lang.ClassLoader.loadClass(ClassLoader.java:357)
	at org.apache.xerces.parsers.AbstractDOMParser.startDocument(Unknown Source)
	at org.apache.xerces.impl.dtd.XMLDTDValidator.startDocument(Unknown Source)
	at org.apache.xerces.impl.XMLDocumentScannerImpl.startEntity(Unknown Source)
	at org.apache.xerces.impl.XMLVersionDetector.startDocumentParsing(Unknown Source)
	at org.apache.xerces.parsers.XML11Configuration.parse(Unknown Source)
	at org.apache.xerces.parsers.XML11Configuration.parse(Unknown Source)
	at org.apache.xerces.parsers.XMLParser.parse(Unknown Source)
	at org.apache.xerces.parsers.DOMParser.parse(Unknown Source)
	at org.apache.xerces.jaxp.DocumentBuilderImpl.parse(Unknown Source)
	at javax.xml.parsers.DocumentBuilder.parse(DocumentBuilder.java:205)
	at org.openqa.selenium.firefox.internal.FileExtension.readIdFromInstallRdf(FileExtension.java:98)
	at org.openqa.selenium.firefox.internal.FileExtension.writeTo(FileExtension.java:61)
	at org.openqa.selenium.firefox.internal.ClasspathExtension.writeTo(ClasspathExtension.java:64)
	at org.openqa.selenium.firefox.FirefoxProfile.installExtensions(FirefoxProfile.java:443)
	at org.openqa.selenium.firefox.FirefoxProfile.layoutOnDisk(FirefoxProfile.java:421)
	at org.openqa.selenium.firefox.internal.NewProfileExtensionConnection.start(NewProfileExtensionConnection.java:85)
	at org.openqa.selenium.firefox.FirefoxDriver.startClient(FirefoxDriver.java:271)
	at org.openqa.selenium.remote.RemoteWebDriver.<init>(RemoteWebDriver.java:119)
	at org.openqa.selenium.firefox.FirefoxDriver.<init>(FirefoxDriver.java:216)
	at org.openqa.selenium.firefox.FirefoxDriver.<init>(FirefoxDriver.java:211)
	at org.openqa.selenium.firefox.FirefoxDriver.<init>(FirefoxDriver.java:207)
	at org.openqa.selenium.firefox.FirefoxDriver.<init>(FirefoxDriver.java:120)
	at com.selenium.common.BrowserDetails.initFirefoxDriver(BrowserDetails.java:53)
	at com.selenium.common.BrowserDetails.setDriver(BrowserDetails.java:27)
	at com.selenium.common.BrowserDetails.baseSetUp(BrowserDetails.java:77)
Caused by: java.lang.ClassNotFoundException: org.w3c.dom.ElementTraversal
	at java.net.URLClassLoader.findClass(URLClassLoader.java:381)
	at java.lang.ClassLoader.loadClass(ClassLoader.java:424)
	at sun.misc.Launcher$AppClassLoader.loadClass(Launcher.java:331)
	at java.lang.ClassLoader.loadClass(ClassLoader.java:357)
	... 61 more
... Removed 24 stack frames]]>
    </failure>
  </testcase> <!-- @BeforeClass baseSetUp -->
  <testcase name="@BeforeClass setUp" time="0.0" classname="com.selenium.tests.OrderPageTest">
    <skipped/>
  </testcase> <!-- @BeforeClass setUp -->
  <testcase name="testCartIsEmpty" time="0.006" classname="com.selenium.tests.OrderPageTest">
    <skipped/>
  </testcase> <!-- testCartIsEmpty -->
</testsuite> <!-- ieTest -->
