<?xml version="1.0" encoding="UTF-8"?>
<!-- Generated by org.testng.reporters.JUnitXMLReporter -->
<testsuite hostname="JYOTIRMOY" name="Test" tests="1" failures="1" timestamp="27 Jul 2017 03:47:41 GMT" time="21.852" errors="0">
  <testcase name="testCartIsEmpty" time="0.182" classname="com.selenium.tests.OrderPageTest">
    <failure type="java.lang.AssertionError" message="Cart is not showing empty expected [true] but found [false]">
      <![CDATA[java.lang.AssertionError: Cart is not showing empty expected [true] but found [false]
	at com.selenium.tests.OrderPageTest.testCartIsEmpty(OrderPageTest.java:30)
... Removed 27 stack frames]]>
    </failure>
  </testcase> <!-- testCartIsEmpty -->
</testsuite> <!-- Test -->
